D:\PROJECTS\PARALLELSORTING\MPIBITONIC\DEBUG\BITONIC.OBJ
D:\PROJECTS\PARALLELSORTING\MPIBITONIC\DEBUG\VC110.PDB
D:\PROJECTS\PARALLELSORTING\DEBUG\MPIBITONIC.ILK
D:\PROJECTS\PARALLELSORTING\DEBUG\MPIBITONIC.EXE
D:\PROJECTS\PARALLELSORTING\DEBUG\MPIBITONIC.PDB
D:\Projects\ParallelSorting\mpibitonic\Debug\bitonic.obj
D:\Projects\ParallelSorting\mpibitonic\Debug\cl.command.1.tlog
D:\Projects\ParallelSorting\mpibitonic\Debug\CL.read.1.tlog
D:\Projects\ParallelSorting\mpibitonic\Debug\CL.write.1.tlog
D:\Projects\ParallelSorting\mpibitonic\Debug\link-cvtres.read.1.tlog
D:\Projects\ParallelSorting\mpibitonic\Debug\link-cvtres.write.1.tlog
D:\Projects\ParallelSorting\mpibitonic\Debug\link-rc.read.1.tlog
D:\Projects\ParallelSorting\mpibitonic\Debug\link-rc.write.1.tlog
D:\Projects\ParallelSorting\mpibitonic\Debug\link.command.1.tlog
D:\Projects\ParallelSorting\mpibitonic\Debug\link.read.1.tlog
D:\Projects\ParallelSorting\mpibitonic\Debug\link.write.1.tlog
D:\Projects\ParallelSorting\mpibitonic\Debug\vc110.idb
D:\Projects\ParallelSorting\mpibitonic\Debug\vc110.pdb
D:\Projects\ParallelSorting\Debug\mpibitonic.pdb
D:\Projects\ParallelSorting\Debug\mpibitonic.exe
D:\Projects\ParallelSorting\Debug\mpibitonic.ilk
