D:\PROJECTS\PARALLELSORTING\MPIBUCKET\DEBUG\BUCKET.OBJ
D:\PROJECTS\PARALLELSORTING\MPIBUCKET\DEBUG\VC110.PDB
D:\PROJECTS\PARALLELSORTING\DEBUG\MPIBUCKET.ILK
D:\PROJECTS\PARALLELSORTING\DEBUG\MPIBUCKET.EXE
D:\PROJECTS\PARALLELSORTING\DEBUG\MPIBUCKET.PDB
D:\Projects\ParallelSorting\mpibucket\Debug\bucket.obj
D:\Projects\ParallelSorting\mpibucket\Debug\cl.command.1.tlog
D:\Projects\ParallelSorting\mpibucket\Debug\CL.read.1.tlog
D:\Projects\ParallelSorting\mpibucket\Debug\CL.write.1.tlog
D:\Projects\ParallelSorting\mpibucket\Debug\link-cvtres.read.1.tlog
D:\Projects\ParallelSorting\mpibucket\Debug\link-cvtres.write.1.tlog
D:\Projects\ParallelSorting\mpibucket\Debug\link-rc.read.1.tlog
D:\Projects\ParallelSorting\mpibucket\Debug\link-rc.write.1.tlog
D:\Projects\ParallelSorting\mpibucket\Debug\link.command.1.tlog
D:\Projects\ParallelSorting\mpibucket\Debug\link.read.1.tlog
D:\Projects\ParallelSorting\mpibucket\Debug\link.write.1.tlog
D:\Projects\ParallelSorting\mpibucket\Debug\vc110.idb
D:\Projects\ParallelSorting\mpibucket\Debug\vc110.pdb
D:\Projects\ParallelSorting\Debug\mpibucket.pdb
D:\Projects\ParallelSorting\Debug\mpibucket.exe
D:\Projects\ParallelSorting\Debug\mpibucket.ilk
