D:\PROJECTS\PARALLELSORTING\MPIODDEVEN\DEBUG\ODDEVEN.OBJ
D:\PROJECTS\PARALLELSORTING\MPIODDEVEN\DEBUG\VC110.PDB
D:\PROJECTS\PARALLELSORTING\DEBUG\MPIODDEVEN.ILK
D:\PROJECTS\PARALLELSORTING\DEBUG\MPIODDEVEN.EXE
D:\PROJECTS\PARALLELSORTING\DEBUG\MPIODDEVEN.PDB
D:\Projects\ParallelSorting\mpioddeven\Debug\oddeven.obj
D:\Projects\ParallelSorting\mpioddeven\Debug\cl.command.1.tlog
D:\Projects\ParallelSorting\mpioddeven\Debug\CL.read.1.tlog
D:\Projects\ParallelSorting\mpioddeven\Debug\CL.write.1.tlog
D:\Projects\ParallelSorting\mpioddeven\Debug\link-cvtres.read.1.tlog
D:\Projects\ParallelSorting\mpioddeven\Debug\link-cvtres.write.1.tlog
D:\Projects\ParallelSorting\mpioddeven\Debug\link-rc.read.1.tlog
D:\Projects\ParallelSorting\mpioddeven\Debug\link-rc.write.1.tlog
D:\Projects\ParallelSorting\mpioddeven\Debug\link.command.1.tlog
D:\Projects\ParallelSorting\mpioddeven\Debug\link.read.1.tlog
D:\Projects\ParallelSorting\mpioddeven\Debug\link.write.1.tlog
D:\Projects\ParallelSorting\mpioddeven\Debug\vc110.idb
D:\Projects\ParallelSorting\mpioddeven\Debug\vc110.pdb
D:\Projects\ParallelSorting\Debug\mpioddeven.pdb
D:\Projects\ParallelSorting\Debug\mpioddeven.exe
D:\Projects\ParallelSorting\Debug\mpioddeven.ilk
